<?xml version="1.0" encoding="UTF-8"?>
<!-- Generated by org.testng.reporters.JUnitReportReporter -->
<testsuite hostname="DESKTOP-VCME0P2" failures="0" tests="2" name="com.test.MultiTest" time="3.144" errors="0" timestamp="2023-07-05T21:59:25 BST" skipped="0">
  <testcase classname="com.test.MultiTest" name="SelectDropDown" time="0.916"/>
  <testcase classname="com.test.MultiTest" name="AdvanceDropDown" time="2.228"/>
</testsuite> <!-- com.test.MultiTest -->
