<?xml version="1.0" encoding="UTF-8"?>
<!-- Generated by org.testng.reporters.JUnitReportReporter -->
<testsuite hostname="DESKTOP-VCME0P2" failures="0" tests="1" name="com.test.ngtesta" time="22.281" errors="0" timestamp="2023-07-02T19:18:17 BST" skipped="0">
  <testcase classname="com.test.ngtesta" name="Test1" time="22.281"/>
</testsuite> <!-- com.test.ngtesta -->
